\BOOKMARK [0][-]{Doc-Start}{Dedication}{}% 1
\BOOKMARK [0][-]{Doc-Start}{Acknowledgment}{}% 2
\BOOKMARK [0][-]{chapter*.1}{Table\040of\040Contents}{}% 3
\BOOKMARK [0][-]{chapter*.2}{List\040of\040Figures}{}% 4
\BOOKMARK [0][-]{chapter*.3}{List\040of\040Tables}{}% 5
\BOOKMARK [0][-]{chapter*.4}{Abstract}{}% 6
\BOOKMARK [1][-]{section.0.1}{Thesis\040Outline}{chapter*.4}% 7
\BOOKMARK [0][-]{chapter.1}{Introduction}{}% 8
\BOOKMARK [1][-]{section.1.1}{Arabic\040Poetry\040}{chapter.1}% 9
\BOOKMARK [1][-]{section.1.2}{Thesis\040Objectives}{chapter.1}% 10
\BOOKMARK [0][-]{chapter.2}{Dataset}{}% 11
\BOOKMARK [1][-]{section.2.1}{Preparing\040Data}{chapter.2}% 12
\BOOKMARK [2][-]{subsection.2.1.1}{Data\040Cleaning}{section.2.1}% 13
\BOOKMARK [0][-]{chapter.3}{Data\040Encoding}{}% 14
\BOOKMARK [1][-]{subsection.3.0.1}{Arabic\040Poem\040Encoding}{chapter.3}% 15
\BOOKMARK [0][-]{chapter.4}{Model\040training}{}% 16
\BOOKMARK [0][-]{chapter.5}{Results\040And\040Discussion}{}% 17
\BOOKMARK [0][-]{chapter.6}{Conclusion\040and\040Future\040Work}{}% 18
\BOOKMARK [1][-]{section.6.1}{Future\040Work}{chapter.6}% 19
\BOOKMARK [0][-]{section.6.1}{References}{}% 20
\BOOKMARK [0][-]{chapter*.11}{Appendices}{}% 21
\BOOKMARK [1][-]{section*.12}{Appendix\040A}{chapter*.11}% 22
